Copyright 1986-2018 Xilinx, Inc. All Rights Reserved.
-----------------------------------------------------------------------------------------------------------------------------------------------------------------------------------
| Tool Version : Vivado v.2018.2 (win64) Build 2258646 Thu Jun 14 20:03:12 MDT 2018
| Date         : Mon Nov 13 01:19:45 2023
| Host         : DESKTOP-TMLOJI9 running 64-bit major release  (build 9200)
| Command      : report_methodology -file the_whole_clock_methodology_drc_routed.rpt -pb the_whole_clock_methodology_drc_routed.pb -rpx the_whole_clock_methodology_drc_routed.rpx
| Design       : the_whole_clock
| Device       : xc7a35tcpg236-1
| Speed File   : -1
| Design State : Routed
-----------------------------------------------------------------------------------------------------------------------------------------------------------------------------------

Report Methodology

Table of Contents
-----------------
1. REPORT SUMMARY
2. REPORT DETAILS

1. REPORT SUMMARY
-----------------
            Netlist: netlist
          Floorplan: design_1
      Design limits: <entire design considered>
             Max violations: <unlimited>
             Violations found: 154
+-----------+----------+-------------------------------+------------+
| Rule      | Severity | Description                   | Violations |
+-----------+----------+-------------------------------+------------+
| LUTAR-1   | Warning  | LUT drives async reset alert  | 12         |
| TIMING-17 | Warning  | Non-clocked sequential cell   | 101        |
| TIMING-18 | Warning  | Missing input or output delay | 13         |
| TIMING-20 | Warning  | Non-clocked latch             | 28         |
+-----------+----------+-------------------------------+------------+

2. REPORT DETAILS
-----------------
LUTAR-1#1 Warning
LUT drives async reset alert  
LUT cell COUNTER_1ST_DIGIT/encode_result_reg[4]_i_3, with 2 or more inputs, drives asynchronous preset/clear pin(s) ENCODER_1ST_DIGIT/encode_result_reg[4]/CLR, ENCODER_1ST_DIGIT/encode_result_reg[0]/PRE. The LUT may glitch and trigger an unexpected reset, even if it is a properly timed path.
Related violations: <none>

LUTAR-1#2 Warning
LUT drives async reset alert  
LUT cell COUNTER_1ST_DIGIT/encode_result_reg[5]_i_3__1, with 2 or more inputs, drives asynchronous preset/clear pin(s) ENCODER_1ST_DIGIT/encode_result_reg[5]/CLR. The LUT may glitch and trigger an unexpected reset, even if it is a properly timed path.
Related violations: <none>

LUTAR-1#3 Warning
LUT drives async reset alert  
LUT cell COUNTER_1ST_DIGIT/encode_result_reg[6]_i_3, with 2 or more inputs, drives asynchronous preset/clear pin(s) ENCODER_1ST_DIGIT/encode_result_reg[1]/CLR, ENCODER_1ST_DIGIT/encode_result_reg[2]/CLR, ENCODER_1ST_DIGIT/encode_result_reg[3]/CLR, ENCODER_1ST_DIGIT/encode_result_reg[6]/CLR. The LUT may glitch and trigger an unexpected reset, even if it is a properly timed path.
Related violations: <none>

LUTAR-1#4 Warning
LUT drives async reset alert  
LUT cell COUNTER_2ND_DIGIT/encode_result_reg[4]_i_3__0, with 2 or more inputs, drives asynchronous preset/clear pin(s) ENCODER_2ND_DIGIT/encode_result_reg[4]/CLR, ENCODER_2ND_DIGIT/encode_result_reg[0]/PRE. The LUT may glitch and trigger an unexpected reset, even if it is a properly timed path.
Related violations: <none>

LUTAR-1#5 Warning
LUT drives async reset alert  
LUT cell COUNTER_2ND_DIGIT/encode_result_reg[5]_i_3, with 2 or more inputs, drives asynchronous preset/clear pin(s) ENCODER_2ND_DIGIT/encode_result_reg[5]/CLR. The LUT may glitch and trigger an unexpected reset, even if it is a properly timed path.
Related violations: <none>

LUTAR-1#6 Warning
LUT drives async reset alert  
LUT cell COUNTER_2ND_DIGIT/encode_result_reg[6]_i_3__0, with 2 or more inputs, drives asynchronous preset/clear pin(s) ENCODER_2ND_DIGIT/encode_result_reg[1]/CLR, ENCODER_2ND_DIGIT/encode_result_reg[2]/CLR, ENCODER_2ND_DIGIT/encode_result_reg[3]/CLR, ENCODER_2ND_DIGIT/encode_result_reg[6]/CLR. The LUT may glitch and trigger an unexpected reset, even if it is a properly timed path.
Related violations: <none>

LUTAR-1#7 Warning
LUT drives async reset alert  
LUT cell COUNTER_3RD_DIGIT/encode_result_reg[4]_i_3__1, with 2 or more inputs, drives asynchronous preset/clear pin(s) ENCODER_3RD_DIGIT/encode_result_reg[4]/CLR, ENCODER_3RD_DIGIT/encode_result_reg[0]/PRE. The LUT may glitch and trigger an unexpected reset, even if it is a properly timed path.
Related violations: <none>

LUTAR-1#8 Warning
LUT drives async reset alert  
LUT cell COUNTER_3RD_DIGIT/encode_result_reg[5]_i_3__0, with 2 or more inputs, drives asynchronous preset/clear pin(s) ENCODER_3RD_DIGIT/encode_result_reg[5]/CLR. The LUT may glitch and trigger an unexpected reset, even if it is a properly timed path.
Related violations: <none>

LUTAR-1#9 Warning
LUT drives async reset alert  
LUT cell COUNTER_3RD_DIGIT/encode_result_reg[6]_i_3__1, with 2 or more inputs, drives asynchronous preset/clear pin(s) ENCODER_3RD_DIGIT/encode_result_reg[1]/CLR, ENCODER_3RD_DIGIT/encode_result_reg[2]/CLR, ENCODER_3RD_DIGIT/encode_result_reg[3]/CLR, ENCODER_3RD_DIGIT/encode_result_reg[6]/CLR. The LUT may glitch and trigger an unexpected reset, even if it is a properly timed path.
Related violations: <none>

LUTAR-1#10 Warning
LUT drives async reset alert  
LUT cell COUNTER_4TH_DIGIT/encode_result_reg[4]_i_3__2, with 2 or more inputs, drives asynchronous preset/clear pin(s) ENCODER_4TH_DIGIT/encode_result_reg[4]/CLR, ENCODER_4TH_DIGIT/encode_result_reg[0]/PRE. The LUT may glitch and trigger an unexpected reset, even if it is a properly timed path.
Related violations: <none>

LUTAR-1#11 Warning
LUT drives async reset alert  
LUT cell COUNTER_4TH_DIGIT/encode_result_reg[5]_i_3__2, with 2 or more inputs, drives asynchronous preset/clear pin(s) ENCODER_4TH_DIGIT/encode_result_reg[5]/CLR. The LUT may glitch and trigger an unexpected reset, even if it is a properly timed path.
Related violations: <none>

LUTAR-1#12 Warning
LUT drives async reset alert  
LUT cell COUNTER_4TH_DIGIT/encode_result_reg[6]_i_3__2, with 2 or more inputs, drives asynchronous preset/clear pin(s) ENCODER_4TH_DIGIT/encode_result_reg[1]/CLR, ENCODER_4TH_DIGIT/encode_result_reg[2]/CLR, ENCODER_4TH_DIGIT/encode_result_reg[3]/CLR, ENCODER_4TH_DIGIT/encode_result_reg[6]/CLR. The LUT may glitch and trigger an unexpected reset, even if it is a properly timed path.
Related violations: <none>

TIMING-17#1 Warning
Non-clocked sequential cell  
The clock pin COUNTER_1ST_DIGIT/count_reg[0]/C is not reached by a timing clock
Related violations: <none>

TIMING-17#2 Warning
Non-clocked sequential cell  
The clock pin COUNTER_1ST_DIGIT/count_reg[1]/C is not reached by a timing clock
Related violations: <none>

TIMING-17#3 Warning
Non-clocked sequential cell  
The clock pin COUNTER_1ST_DIGIT/count_reg[2]/C is not reached by a timing clock
Related violations: <none>

TIMING-17#4 Warning
Non-clocked sequential cell  
The clock pin COUNTER_1ST_DIGIT/count_reg[3]/C is not reached by a timing clock
Related violations: <none>

TIMING-17#5 Warning
Non-clocked sequential cell  
The clock pin COUNTER_1ST_DIGIT/count_reg[4]/C is not reached by a timing clock
Related violations: <none>

TIMING-17#6 Warning
Non-clocked sequential cell  
The clock pin COUNTER_2ND_DIGIT/count_reg[0]/C is not reached by a timing clock
Related violations: <none>

TIMING-17#7 Warning
Non-clocked sequential cell  
The clock pin COUNTER_2ND_DIGIT/count_reg[10]/C is not reached by a timing clock
Related violations: <none>

TIMING-17#8 Warning
Non-clocked sequential cell  
The clock pin COUNTER_2ND_DIGIT/count_reg[11]/C is not reached by a timing clock
Related violations: <none>

TIMING-17#9 Warning
Non-clocked sequential cell  
The clock pin COUNTER_2ND_DIGIT/count_reg[12]/C is not reached by a timing clock
Related violations: <none>

TIMING-17#10 Warning
Non-clocked sequential cell  
The clock pin COUNTER_2ND_DIGIT/count_reg[13]/C is not reached by a timing clock
Related violations: <none>

TIMING-17#11 Warning
Non-clocked sequential cell  
The clock pin COUNTER_2ND_DIGIT/count_reg[14]/C is not reached by a timing clock
Related violations: <none>

TIMING-17#12 Warning
Non-clocked sequential cell  
The clock pin COUNTER_2ND_DIGIT/count_reg[15]/C is not reached by a timing clock
Related violations: <none>

TIMING-17#13 Warning
Non-clocked sequential cell  
The clock pin COUNTER_2ND_DIGIT/count_reg[16]/C is not reached by a timing clock
Related violations: <none>

TIMING-17#14 Warning
Non-clocked sequential cell  
The clock pin COUNTER_2ND_DIGIT/count_reg[17]/C is not reached by a timing clock
Related violations: <none>

TIMING-17#15 Warning
Non-clocked sequential cell  
The clock pin COUNTER_2ND_DIGIT/count_reg[18]/C is not reached by a timing clock
Related violations: <none>

TIMING-17#16 Warning
Non-clocked sequential cell  
The clock pin COUNTER_2ND_DIGIT/count_reg[19]/C is not reached by a timing clock
Related violations: <none>

TIMING-17#17 Warning
Non-clocked sequential cell  
The clock pin COUNTER_2ND_DIGIT/count_reg[1]/C is not reached by a timing clock
Related violations: <none>

TIMING-17#18 Warning
Non-clocked sequential cell  
The clock pin COUNTER_2ND_DIGIT/count_reg[20]/C is not reached by a timing clock
Related violations: <none>

TIMING-17#19 Warning
Non-clocked sequential cell  
The clock pin COUNTER_2ND_DIGIT/count_reg[21]/C is not reached by a timing clock
Related violations: <none>

TIMING-17#20 Warning
Non-clocked sequential cell  
The clock pin COUNTER_2ND_DIGIT/count_reg[22]/C is not reached by a timing clock
Related violations: <none>

TIMING-17#21 Warning
Non-clocked sequential cell  
The clock pin COUNTER_2ND_DIGIT/count_reg[23]/C is not reached by a timing clock
Related violations: <none>

TIMING-17#22 Warning
Non-clocked sequential cell  
The clock pin COUNTER_2ND_DIGIT/count_reg[24]/C is not reached by a timing clock
Related violations: <none>

TIMING-17#23 Warning
Non-clocked sequential cell  
The clock pin COUNTER_2ND_DIGIT/count_reg[25]/C is not reached by a timing clock
Related violations: <none>

TIMING-17#24 Warning
Non-clocked sequential cell  
The clock pin COUNTER_2ND_DIGIT/count_reg[26]/C is not reached by a timing clock
Related violations: <none>

TIMING-17#25 Warning
Non-clocked sequential cell  
The clock pin COUNTER_2ND_DIGIT/count_reg[27]/C is not reached by a timing clock
Related violations: <none>

TIMING-17#26 Warning
Non-clocked sequential cell  
The clock pin COUNTER_2ND_DIGIT/count_reg[28]/C is not reached by a timing clock
Related violations: <none>

TIMING-17#27 Warning
Non-clocked sequential cell  
The clock pin COUNTER_2ND_DIGIT/count_reg[29]/C is not reached by a timing clock
Related violations: <none>

TIMING-17#28 Warning
Non-clocked sequential cell  
The clock pin COUNTER_2ND_DIGIT/count_reg[2]/C is not reached by a timing clock
Related violations: <none>

TIMING-17#29 Warning
Non-clocked sequential cell  
The clock pin COUNTER_2ND_DIGIT/count_reg[30]/C is not reached by a timing clock
Related violations: <none>

TIMING-17#30 Warning
Non-clocked sequential cell  
The clock pin COUNTER_2ND_DIGIT/count_reg[31]/C is not reached by a timing clock
Related violations: <none>

TIMING-17#31 Warning
Non-clocked sequential cell  
The clock pin COUNTER_2ND_DIGIT/count_reg[3]/C is not reached by a timing clock
Related violations: <none>

TIMING-17#32 Warning
Non-clocked sequential cell  
The clock pin COUNTER_2ND_DIGIT/count_reg[4]/C is not reached by a timing clock
Related violations: <none>

TIMING-17#33 Warning
Non-clocked sequential cell  
The clock pin COUNTER_2ND_DIGIT/count_reg[5]/C is not reached by a timing clock
Related violations: <none>

TIMING-17#34 Warning
Non-clocked sequential cell  
The clock pin COUNTER_2ND_DIGIT/count_reg[6]/C is not reached by a timing clock
Related violations: <none>

TIMING-17#35 Warning
Non-clocked sequential cell  
The clock pin COUNTER_2ND_DIGIT/count_reg[7]/C is not reached by a timing clock
Related violations: <none>

TIMING-17#36 Warning
Non-clocked sequential cell  
The clock pin COUNTER_2ND_DIGIT/count_reg[8]/C is not reached by a timing clock
Related violations: <none>

TIMING-17#37 Warning
Non-clocked sequential cell  
The clock pin COUNTER_2ND_DIGIT/count_reg[9]/C is not reached by a timing clock
Related violations: <none>

TIMING-17#38 Warning
Non-clocked sequential cell  
The clock pin COUNTER_3RD_DIGIT/count_reg[0]/C is not reached by a timing clock
Related violations: <none>

TIMING-17#39 Warning
Non-clocked sequential cell  
The clock pin COUNTER_3RD_DIGIT/count_reg[10]/C is not reached by a timing clock
Related violations: <none>

TIMING-17#40 Warning
Non-clocked sequential cell  
The clock pin COUNTER_3RD_DIGIT/count_reg[11]/C is not reached by a timing clock
Related violations: <none>

TIMING-17#41 Warning
Non-clocked sequential cell  
The clock pin COUNTER_3RD_DIGIT/count_reg[12]/C is not reached by a timing clock
Related violations: <none>

TIMING-17#42 Warning
Non-clocked sequential cell  
The clock pin COUNTER_3RD_DIGIT/count_reg[13]/C is not reached by a timing clock
Related violations: <none>

TIMING-17#43 Warning
Non-clocked sequential cell  
The clock pin COUNTER_3RD_DIGIT/count_reg[14]/C is not reached by a timing clock
Related violations: <none>

TIMING-17#44 Warning
Non-clocked sequential cell  
The clock pin COUNTER_3RD_DIGIT/count_reg[15]/C is not reached by a timing clock
Related violations: <none>

TIMING-17#45 Warning
Non-clocked sequential cell  
The clock pin COUNTER_3RD_DIGIT/count_reg[16]/C is not reached by a timing clock
Related violations: <none>

TIMING-17#46 Warning
Non-clocked sequential cell  
The clock pin COUNTER_3RD_DIGIT/count_reg[17]/C is not reached by a timing clock
Related violations: <none>

TIMING-17#47 Warning
Non-clocked sequential cell  
The clock pin COUNTER_3RD_DIGIT/count_reg[18]/C is not reached by a timing clock
Related violations: <none>

TIMING-17#48 Warning
Non-clocked sequential cell  
The clock pin COUNTER_3RD_DIGIT/count_reg[19]/C is not reached by a timing clock
Related violations: <none>

TIMING-17#49 Warning
Non-clocked sequential cell  
The clock pin COUNTER_3RD_DIGIT/count_reg[1]/C is not reached by a timing clock
Related violations: <none>

TIMING-17#50 Warning
Non-clocked sequential cell  
The clock pin COUNTER_3RD_DIGIT/count_reg[20]/C is not reached by a timing clock
Related violations: <none>

TIMING-17#51 Warning
Non-clocked sequential cell  
The clock pin COUNTER_3RD_DIGIT/count_reg[21]/C is not reached by a timing clock
Related violations: <none>

TIMING-17#52 Warning
Non-clocked sequential cell  
The clock pin COUNTER_3RD_DIGIT/count_reg[22]/C is not reached by a timing clock
Related violations: <none>

TIMING-17#53 Warning
Non-clocked sequential cell  
The clock pin COUNTER_3RD_DIGIT/count_reg[23]/C is not reached by a timing clock
Related violations: <none>

TIMING-17#54 Warning
Non-clocked sequential cell  
The clock pin COUNTER_3RD_DIGIT/count_reg[24]/C is not reached by a timing clock
Related violations: <none>

TIMING-17#55 Warning
Non-clocked sequential cell  
The clock pin COUNTER_3RD_DIGIT/count_reg[25]/C is not reached by a timing clock
Related violations: <none>

TIMING-17#56 Warning
Non-clocked sequential cell  
The clock pin COUNTER_3RD_DIGIT/count_reg[26]/C is not reached by a timing clock
Related violations: <none>

TIMING-17#57 Warning
Non-clocked sequential cell  
The clock pin COUNTER_3RD_DIGIT/count_reg[27]/C is not reached by a timing clock
Related violations: <none>

TIMING-17#58 Warning
Non-clocked sequential cell  
The clock pin COUNTER_3RD_DIGIT/count_reg[28]/C is not reached by a timing clock
Related violations: <none>

TIMING-17#59 Warning
Non-clocked sequential cell  
The clock pin COUNTER_3RD_DIGIT/count_reg[29]/C is not reached by a timing clock
Related violations: <none>

TIMING-17#60 Warning
Non-clocked sequential cell  
The clock pin COUNTER_3RD_DIGIT/count_reg[2]/C is not reached by a timing clock
Related violations: <none>

TIMING-17#61 Warning
Non-clocked sequential cell  
The clock pin COUNTER_3RD_DIGIT/count_reg[30]/C is not reached by a timing clock
Related violations: <none>

TIMING-17#62 Warning
Non-clocked sequential cell  
The clock pin COUNTER_3RD_DIGIT/count_reg[31]/C is not reached by a timing clock
Related violations: <none>

TIMING-17#63 Warning
Non-clocked sequential cell  
The clock pin COUNTER_3RD_DIGIT/count_reg[3]/C is not reached by a timing clock
Related violations: <none>

TIMING-17#64 Warning
Non-clocked sequential cell  
The clock pin COUNTER_3RD_DIGIT/count_reg[4]/C is not reached by a timing clock
Related violations: <none>

TIMING-17#65 Warning
Non-clocked sequential cell  
The clock pin COUNTER_3RD_DIGIT/count_reg[5]/C is not reached by a timing clock
Related violations: <none>

TIMING-17#66 Warning
Non-clocked sequential cell  
The clock pin COUNTER_3RD_DIGIT/count_reg[6]/C is not reached by a timing clock
Related violations: <none>

TIMING-17#67 Warning
Non-clocked sequential cell  
The clock pin COUNTER_3RD_DIGIT/count_reg[7]/C is not reached by a timing clock
Related violations: <none>

TIMING-17#68 Warning
Non-clocked sequential cell  
The clock pin COUNTER_3RD_DIGIT/count_reg[8]/C is not reached by a timing clock
Related violations: <none>

TIMING-17#69 Warning
Non-clocked sequential cell  
The clock pin COUNTER_3RD_DIGIT/count_reg[9]/C is not reached by a timing clock
Related violations: <none>

TIMING-17#70 Warning
Non-clocked sequential cell  
The clock pin COUNTER_4TH_DIGIT/count_reg[0]/C is not reached by a timing clock
Related violations: <none>

TIMING-17#71 Warning
Non-clocked sequential cell  
The clock pin COUNTER_4TH_DIGIT/count_reg[10]/C is not reached by a timing clock
Related violations: <none>

TIMING-17#72 Warning
Non-clocked sequential cell  
The clock pin COUNTER_4TH_DIGIT/count_reg[11]/C is not reached by a timing clock
Related violations: <none>

TIMING-17#73 Warning
Non-clocked sequential cell  
The clock pin COUNTER_4TH_DIGIT/count_reg[12]/C is not reached by a timing clock
Related violations: <none>

TIMING-17#74 Warning
Non-clocked sequential cell  
The clock pin COUNTER_4TH_DIGIT/count_reg[13]/C is not reached by a timing clock
Related violations: <none>

TIMING-17#75 Warning
Non-clocked sequential cell  
The clock pin COUNTER_4TH_DIGIT/count_reg[14]/C is not reached by a timing clock
Related violations: <none>

TIMING-17#76 Warning
Non-clocked sequential cell  
The clock pin COUNTER_4TH_DIGIT/count_reg[15]/C is not reached by a timing clock
Related violations: <none>

TIMING-17#77 Warning
Non-clocked sequential cell  
The clock pin COUNTER_4TH_DIGIT/count_reg[16]/C is not reached by a timing clock
Related violations: <none>

TIMING-17#78 Warning
Non-clocked sequential cell  
The clock pin COUNTER_4TH_DIGIT/count_reg[17]/C is not reached by a timing clock
Related violations: <none>

TIMING-17#79 Warning
Non-clocked sequential cell  
The clock pin COUNTER_4TH_DIGIT/count_reg[18]/C is not reached by a timing clock
Related violations: <none>

TIMING-17#80 Warning
Non-clocked sequential cell  
The clock pin COUNTER_4TH_DIGIT/count_reg[19]/C is not reached by a timing clock
Related violations: <none>

TIMING-17#81 Warning
Non-clocked sequential cell  
The clock pin COUNTER_4TH_DIGIT/count_reg[1]/C is not reached by a timing clock
Related violations: <none>

TIMING-17#82 Warning
Non-clocked sequential cell  
The clock pin COUNTER_4TH_DIGIT/count_reg[20]/C is not reached by a timing clock
Related violations: <none>

TIMING-17#83 Warning
Non-clocked sequential cell  
The clock pin COUNTER_4TH_DIGIT/count_reg[21]/C is not reached by a timing clock
Related violations: <none>

TIMING-17#84 Warning
Non-clocked sequential cell  
The clock pin COUNTER_4TH_DIGIT/count_reg[22]/C is not reached by a timing clock
Related violations: <none>

TIMING-17#85 Warning
Non-clocked sequential cell  
The clock pin COUNTER_4TH_DIGIT/count_reg[23]/C is not reached by a timing clock
Related violations: <none>

TIMING-17#86 Warning
Non-clocked sequential cell  
The clock pin COUNTER_4TH_DIGIT/count_reg[24]/C is not reached by a timing clock
Related violations: <none>

TIMING-17#87 Warning
Non-clocked sequential cell  
The clock pin COUNTER_4TH_DIGIT/count_reg[25]/C is not reached by a timing clock
Related violations: <none>

TIMING-17#88 Warning
Non-clocked sequential cell  
The clock pin COUNTER_4TH_DIGIT/count_reg[26]/C is not reached by a timing clock
Related violations: <none>

TIMING-17#89 Warning
Non-clocked sequential cell  
The clock pin COUNTER_4TH_DIGIT/count_reg[27]/C is not reached by a timing clock
Related violations: <none>

TIMING-17#90 Warning
Non-clocked sequential cell  
The clock pin COUNTER_4TH_DIGIT/count_reg[28]/C is not reached by a timing clock
Related violations: <none>

TIMING-17#91 Warning
Non-clocked sequential cell  
The clock pin COUNTER_4TH_DIGIT/count_reg[29]/C is not reached by a timing clock
Related violations: <none>

TIMING-17#92 Warning
Non-clocked sequential cell  
The clock pin COUNTER_4TH_DIGIT/count_reg[2]/C is not reached by a timing clock
Related violations: <none>

TIMING-17#93 Warning
Non-clocked sequential cell  
The clock pin COUNTER_4TH_DIGIT/count_reg[30]/C is not reached by a timing clock
Related violations: <none>

TIMING-17#94 Warning
Non-clocked sequential cell  
The clock pin COUNTER_4TH_DIGIT/count_reg[31]/C is not reached by a timing clock
Related violations: <none>

TIMING-17#95 Warning
Non-clocked sequential cell  
The clock pin COUNTER_4TH_DIGIT/count_reg[3]/C is not reached by a timing clock
Related violations: <none>

TIMING-17#96 Warning
Non-clocked sequential cell  
The clock pin COUNTER_4TH_DIGIT/count_reg[4]/C is not reached by a timing clock
Related violations: <none>

TIMING-17#97 Warning
Non-clocked sequential cell  
The clock pin COUNTER_4TH_DIGIT/count_reg[5]/C is not reached by a timing clock
Related violations: <none>

TIMING-17#98 Warning
Non-clocked sequential cell  
The clock pin COUNTER_4TH_DIGIT/count_reg[6]/C is not reached by a timing clock
Related violations: <none>

TIMING-17#99 Warning
Non-clocked sequential cell  
The clock pin COUNTER_4TH_DIGIT/count_reg[7]/C is not reached by a timing clock
Related violations: <none>

TIMING-17#100 Warning
Non-clocked sequential cell  
The clock pin COUNTER_4TH_DIGIT/count_reg[8]/C is not reached by a timing clock
Related violations: <none>

TIMING-17#101 Warning
Non-clocked sequential cell  
The clock pin COUNTER_4TH_DIGIT/count_reg[9]/C is not reached by a timing clock
Related violations: <none>

TIMING-18#1 Warning
Missing input or output delay  
An input delay is missing on BTNC relative to clock(s) sys_clk_pin
Related violations: <none>

TIMING-18#2 Warning
Missing input or output delay  
An input delay is missing on BTNR relative to clock(s) sys_clk_pin
Related violations: <none>

TIMING-18#3 Warning
Missing input or output delay  
An output delay is missing on an[0] relative to clock(s) sys_clk_pin
Related violations: <none>

TIMING-18#4 Warning
Missing input or output delay  
An output delay is missing on an[1] relative to clock(s) sys_clk_pin
Related violations: <none>

TIMING-18#5 Warning
Missing input or output delay  
An output delay is missing on an[2] relative to clock(s) sys_clk_pin
Related violations: <none>

TIMING-18#6 Warning
Missing input or output delay  
An output delay is missing on an[3] relative to clock(s) sys_clk_pin
Related violations: <none>

TIMING-18#7 Warning
Missing input or output delay  
An output delay is missing on seg[0] relative to clock(s) sys_clk_pin
Related violations: <none>

TIMING-18#8 Warning
Missing input or output delay  
An output delay is missing on seg[1] relative to clock(s) sys_clk_pin
Related violations: <none>

TIMING-18#9 Warning
Missing input or output delay  
An output delay is missing on seg[2] relative to clock(s) sys_clk_pin
Related violations: <none>

TIMING-18#10 Warning
Missing input or output delay  
An output delay is missing on seg[3] relative to clock(s) sys_clk_pin
Related violations: <none>

TIMING-18#11 Warning
Missing input or output delay  
An output delay is missing on seg[4] relative to clock(s) sys_clk_pin
Related violations: <none>

TIMING-18#12 Warning
Missing input or output delay  
An output delay is missing on seg[5] relative to clock(s) sys_clk_pin
Related violations: <none>

TIMING-18#13 Warning
Missing input or output delay  
An output delay is missing on seg[6] relative to clock(s) sys_clk_pin
Related violations: <none>

TIMING-20#1 Warning
Non-clocked latch  
The latch ENCODER_1ST_DIGIT/encode_result_reg[0] cannot be properly analyzed as its control pin ENCODER_1ST_DIGIT/encode_result_reg[0]/G is not reached by a timing clock
Related violations: <none>

TIMING-20#2 Warning
Non-clocked latch  
The latch ENCODER_1ST_DIGIT/encode_result_reg[1] cannot be properly analyzed as its control pin ENCODER_1ST_DIGIT/encode_result_reg[1]/G is not reached by a timing clock
Related violations: <none>

TIMING-20#3 Warning
Non-clocked latch  
The latch ENCODER_1ST_DIGIT/encode_result_reg[2] cannot be properly analyzed as its control pin ENCODER_1ST_DIGIT/encode_result_reg[2]/G is not reached by a timing clock
Related violations: <none>

TIMING-20#4 Warning
Non-clocked latch  
The latch ENCODER_1ST_DIGIT/encode_result_reg[3] cannot be properly analyzed as its control pin ENCODER_1ST_DIGIT/encode_result_reg[3]/G is not reached by a timing clock
Related violations: <none>

TIMING-20#5 Warning
Non-clocked latch  
The latch ENCODER_1ST_DIGIT/encode_result_reg[4] cannot be properly analyzed as its control pin ENCODER_1ST_DIGIT/encode_result_reg[4]/G is not reached by a timing clock
Related violations: <none>

TIMING-20#6 Warning
Non-clocked latch  
The latch ENCODER_1ST_DIGIT/encode_result_reg[5] cannot be properly analyzed as its control pin ENCODER_1ST_DIGIT/encode_result_reg[5]/G is not reached by a timing clock
Related violations: <none>

TIMING-20#7 Warning
Non-clocked latch  
The latch ENCODER_1ST_DIGIT/encode_result_reg[6] cannot be properly analyzed as its control pin ENCODER_1ST_DIGIT/encode_result_reg[6]/G is not reached by a timing clock
Related violations: <none>

TIMING-20#8 Warning
Non-clocked latch  
The latch ENCODER_2ND_DIGIT/encode_result_reg[0] cannot be properly analyzed as its control pin ENCODER_2ND_DIGIT/encode_result_reg[0]/G is not reached by a timing clock
Related violations: <none>

TIMING-20#9 Warning
Non-clocked latch  
The latch ENCODER_2ND_DIGIT/encode_result_reg[1] cannot be properly analyzed as its control pin ENCODER_2ND_DIGIT/encode_result_reg[1]/G is not reached by a timing clock
Related violations: <none>

TIMING-20#10 Warning
Non-clocked latch  
The latch ENCODER_2ND_DIGIT/encode_result_reg[2] cannot be properly analyzed as its control pin ENCODER_2ND_DIGIT/encode_result_reg[2]/G is not reached by a timing clock
Related violations: <none>

TIMING-20#11 Warning
Non-clocked latch  
The latch ENCODER_2ND_DIGIT/encode_result_reg[3] cannot be properly analyzed as its control pin ENCODER_2ND_DIGIT/encode_result_reg[3]/G is not reached by a timing clock
Related violations: <none>

TIMING-20#12 Warning
Non-clocked latch  
The latch ENCODER_2ND_DIGIT/encode_result_reg[4] cannot be properly analyzed as its control pin ENCODER_2ND_DIGIT/encode_result_reg[4]/G is not reached by a timing clock
Related violations: <none>

TIMING-20#13 Warning
Non-clocked latch  
The latch ENCODER_2ND_DIGIT/encode_result_reg[5] cannot be properly analyzed as its control pin ENCODER_2ND_DIGIT/encode_result_reg[5]/G is not reached by a timing clock
Related violations: <none>

TIMING-20#14 Warning
Non-clocked latch  
The latch ENCODER_2ND_DIGIT/encode_result_reg[6] cannot be properly analyzed as its control pin ENCODER_2ND_DIGIT/encode_result_reg[6]/G is not reached by a timing clock
Related violations: <none>

TIMING-20#15 Warning
Non-clocked latch  
The latch ENCODER_3RD_DIGIT/encode_result_reg[0] cannot be properly analyzed as its control pin ENCODER_3RD_DIGIT/encode_result_reg[0]/G is not reached by a timing clock
Related violations: <none>

TIMING-20#16 Warning
Non-clocked latch  
The latch ENCODER_3RD_DIGIT/encode_result_reg[1] cannot be properly analyzed as its control pin ENCODER_3RD_DIGIT/encode_result_reg[1]/G is not reached by a timing clock
Related violations: <none>

TIMING-20#17 Warning
Non-clocked latch  
The latch ENCODER_3RD_DIGIT/encode_result_reg[2] cannot be properly analyzed as its control pin ENCODER_3RD_DIGIT/encode_result_reg[2]/G is not reached by a timing clock
Related violations: <none>

TIMING-20#18 Warning
Non-clocked latch  
The latch ENCODER_3RD_DIGIT/encode_result_reg[3] cannot be properly analyzed as its control pin ENCODER_3RD_DIGIT/encode_result_reg[3]/G is not reached by a timing clock
Related violations: <none>

TIMING-20#19 Warning
Non-clocked latch  
The latch ENCODER_3RD_DIGIT/encode_result_reg[4] cannot be properly analyzed as its control pin ENCODER_3RD_DIGIT/encode_result_reg[4]/G is not reached by a timing clock
Related violations: <none>

TIMING-20#20 Warning
Non-clocked latch  
The latch ENCODER_3RD_DIGIT/encode_result_reg[5] cannot be properly analyzed as its control pin ENCODER_3RD_DIGIT/encode_result_reg[5]/G is not reached by a timing clock
Related violations: <none>

TIMING-20#21 Warning
Non-clocked latch  
The latch ENCODER_3RD_DIGIT/encode_result_reg[6] cannot be properly analyzed as its control pin ENCODER_3RD_DIGIT/encode_result_reg[6]/G is not reached by a timing clock
Related violations: <none>

TIMING-20#22 Warning
Non-clocked latch  
The latch ENCODER_4TH_DIGIT/encode_result_reg[0] cannot be properly analyzed as its control pin ENCODER_4TH_DIGIT/encode_result_reg[0]/G is not reached by a timing clock
Related violations: <none>

TIMING-20#23 Warning
Non-clocked latch  
The latch ENCODER_4TH_DIGIT/encode_result_reg[1] cannot be properly analyzed as its control pin ENCODER_4TH_DIGIT/encode_result_reg[1]/G is not reached by a timing clock
Related violations: <none>

TIMING-20#24 Warning
Non-clocked latch  
The latch ENCODER_4TH_DIGIT/encode_result_reg[2] cannot be properly analyzed as its control pin ENCODER_4TH_DIGIT/encode_result_reg[2]/G is not reached by a timing clock
Related violations: <none>

TIMING-20#25 Warning
Non-clocked latch  
The latch ENCODER_4TH_DIGIT/encode_result_reg[3] cannot be properly analyzed as its control pin ENCODER_4TH_DIGIT/encode_result_reg[3]/G is not reached by a timing clock
Related violations: <none>

TIMING-20#26 Warning
Non-clocked latch  
The latch ENCODER_4TH_DIGIT/encode_result_reg[4] cannot be properly analyzed as its control pin ENCODER_4TH_DIGIT/encode_result_reg[4]/G is not reached by a timing clock
Related violations: <none>

TIMING-20#27 Warning
Non-clocked latch  
The latch ENCODER_4TH_DIGIT/encode_result_reg[5] cannot be properly analyzed as its control pin ENCODER_4TH_DIGIT/encode_result_reg[5]/G is not reached by a timing clock
Related violations: <none>

TIMING-20#28 Warning
Non-clocked latch  
The latch ENCODER_4TH_DIGIT/encode_result_reg[6] cannot be properly analyzed as its control pin ENCODER_4TH_DIGIT/encode_result_reg[6]/G is not reached by a timing clock
Related violations: <none>


